71 117
129 196
92 96
20 57
94 130
35 53
6 75
123 200
51 151
109 170
19 139
29 114
117 171
34 165
45 192
73 87
85 188
125 171
86 197
25 152
37 109
76 153
54 123
106 194
123 154
54 171
7 13
87 147
107 130
75 153
82 118
51 148
124 185
132 170
32 119
92 154
8 91
152 158
75 120
22 39
73 131
29 87
10 25
11 35
121 162
158 197
7 159
55 99
140 195
47 73
94 132
56 118
50 113
22 69
109 184
4 73
6 183
9 188
3 102
12 112
84 190
167 182
36 118
151 192
80 176
48 95
35 200
155 181
98 132
10 58
22 117
93 96
79 115
72 86
173 186
25 58
11 158
36 105
140 186
96 152
6 196
179 187
92 175
39 121
53 176
109 132
73 188
154 192
40 105
102 181
194 196
135 170
10 15
14 86
29 90
45 186
101 148
70 186
99 195
10 185
44 167
108 125
10 185
70 198
85 87
6 142
74 75
105 156
63 137
97 165
67 90
49 54
126 148
57 186
46 166
22 47
160 163
105 175
132 191
28 60
8 99
119 194
50 99
24 54
39 169
122 124
20 199
105 160
89 99
37 56
117 198
123 132
31 156
72 103
148 196
79 136
108 186
56 103
150 156
10 116
38 170
145 169
75 149
64 158
28 123
82 188
52 193
31 52
7 43
169 185
43 48
6 94
42 104
102 169
68 141
11 29
74 122
37 151
23 116
84 115
6 56
19 118
50 138
75 135
10 19
151 172
46 62
112 166
63 81
41 195
59 68
11 32
11 156
43 90
48 113
7 181
93 152
74 181
40 168
11 130
9 186
139 164
4 127
101 166
4 76
116 173
68 169
73 82
101 182
71 96
64 103
83 117
40 173
5 6
51 75
79 163
139 157
8 140
49 164
19 192
