15 132
49 180
83 172
14 174
9 124
54 87
97 122
130 161
59 115
42 99
114 192
100 159
126 187
115 115
93 128
2 113
174 194
32 115
27 171
20 69
38 194
13 105
115 168
119 187
46 112
30 121
69 137
19 128
86 157
60 60
14 166
55 171
7 75
42 111
56 133
125 144
70 119
36 162
6 118
41 151
7 152
31 62
58 117
143 192
30 166
61 134
53 54
91 101
47 76
105 153
20 163
85 165
57 138
196 196
8 199
89 154
51 126
84 103
132 197
118 149
16 118
6 43
67 89
56 164
61 110
22 55
143 164
63 78
90 127
101 158
98 144
4 89
60 152
53 72
25 74
28 118
159 165
71 110
17 106
172 181
94 182
3 115
39 64
17 71
53 124
174 185
110 134
55 156
22 31
83 129
10 21
20 76
30 176
174 192
73 120
74 159
128 139
43 149
123 172
156 165
19 193
110 149
46 149
123 142
21 101
94 99
100 150
93 163
122 145
72 142
8 142
148 198
93 141
11 112
2 107
36 41
139 144
9 142
51 149
48 62
61 85
83 152
177 200
178 194
117 127
47 48
27 88
19 41
180 193
86 112
142 195
1 159
164 190
135 185
17 17
135 197
27 75
106 186
16 181
72 140
10 159
14 121
34 142
112 183
20 100
62 136
130 159
42 85
93 119
85 111
55 181
45 150
44 139
47 194
48 192
163 171
7 22
117 165
76 197
30 122
138 139
93 164
59 132
122 193
54 134
175 187
108 130
38 104
57 112
125 129
51 138
146 187
69 188
11 17
4 191
31 171
79 199
13 108
57 114
3 20
129 160
122 164
23 115
54 146
135 165
51 61
123 148
74 126
105 161
59 129
70 135
28 60
2 118
126 196
109 124
83 154
88 121
1 83
145 184
49 136
