63 154
58 88
45 123
28 157
14 33
100 185
34 174
164 175
68 167
74 162
69 91
62 149
8 20
122 149
75 195
8 30
3 92
89 98
39 157
35 134
150 189
69 200
98 164
8 171
6 172
46 167
77 160
121 132
73 198
73 179
28 34
10 83
95 171
59 182
198 199
46 121
132 155
13 82
104 155
3 46
15 96
21 198
66 180
68 123
61 193
19 61
27 39
75 142
104 166
74 189
52 163
103 195
96 148
12 33
133 158
161 184
136 200
109 190
70 185
48 166
31 156
15 125
43 117
127 174
133 148
106 165
23 169
44 145
14 142
167 183
2 129
80 177
6 64
26 132
78 144
103 195
141 172
27 85
4 157
104 115
11 123
73 73
67 101
31 135
100 127
94 157
64 178
155 186
18 102
77 120
94 190
28 116
51 139
42 198
37 163
101 153
165 192
84 94
50 167
96 135
68 153
24 180
152 167
4 13
133 157
14 36
81 101
4 193
67 177
7 183
53 68
20 110
77 95
99 112
144 153
41 55
62 62
23 49
123 185
84 179
107 155
11 167
129 190
50 88
121 191
22 119
59 131
139 181
68 162
125 156
12 193
10 145
78 142
84 181
72 122
10 155
5 182
3 41
81 180
155 164
36 87
57 197
54 191
6 111
20 35
186 195
65 192
45 146
45 92
138 171
103 150
12 34
101 154
32 178
47 84
124 166
58 69
2 21
86 150
35 114
93 129
26 40
105 107
76 81
82 105
28 97
99 170
31 189
50 170
47 193
124 157
90 97
161 174
38 63
68 111
29 170
4 58
9 130
81 165
71 100
53 161
12 30
80 179
37 87
114 161
84 190
74 126
157 198
153 192
174 184
167 174
56 105
81 156
88 113
64 161
193 198
52 191
53 100
14 20
33 189
